{"numFailedTestSuites":1,"numFailedTests":4,"numPassedTestSuites":0,"numPassedTests":0,"numPendingTestSuites":0,"numPendingTests":0,"numRuntimeErrorTestSuites":0,"numTodoTests":0,"numTotalTestSuites":1,"numTotalTests":4,"openHandles":[],"snapshot":{"added":0,"didUpdate":false,"failure":false,"filesAdded":0,"filesRemoved":0,"filesRemovedList":[],"filesUnmatched":0,"filesUpdated":0,"matched":0,"total":0,"unchecked":0,"uncheckedKeysByFile":[],"unmatched":0,"updated":0},"startTime":1773489187577,"success":false,"testResults":[{"assertionResults":[{"ancestorTitles":["ThrottlerGuard (Integration)"],"duration":1,"failing":false,"failureDetails":[{}],"failureMessages":["TypeError: request is not a function\n    at Object.<anonymous> (C:\\Users\\Mohamed\\Documents\\GitHub\\ecommerce-backend-nestjs\\src\\common\\guards\\throttler.integration.spec.ts:54:11)\n    at Promise.finally.completed (C:\\Users\\Mohamed\\Documents\\GitHub\\ecommerce-backend-nestjs\\node_modules\\jest-circus\\build\\jestAdapterInit.js:1557:28)\n    at new Promise (<anonymous>)\n    at callAsyncCircusFn (C:\\Users\\Mohamed\\Documents\\GitHub\\ecommerce-backend-nestjs\\node_modules\\jest-circus\\build\\jestAdapterInit.js:1497:10)\n    at _callCircusTest (C:\\Users\\Mohamed\\Documents\\GitHub\\ecommerce-backend-nestjs\\node_modules\\jest-circus\\build\\jestAdapterInit.js:1007:40)\n    at _runTest (C:\\Users\\Mohamed\\Documents\\GitHub\\ecommerce-backend-nestjs\\node_modules\\jest-circus\\build\\jestAdapterInit.js:947:3)\n    at C:\\Users\\Mohamed\\Documents\\GitHub\\ecommerce-backend-nestjs\\node_modules\\jest-circus\\build\\jestAdapterInit.js:849:7\n    at _runTestsForDescribeBlock (C:\\Users\\Mohamed\\Documents\\GitHub\\ecommerce-backend-nestjs\\node_modules\\jest-circus\\build\\jestAdapterInit.js:862:11)\n    at _runTestsForDescribeBlock (C:\\Users\\Mohamed\\Documents\\GitHub\\ecommerce-backend-nestjs\\node_modules\\jest-circus\\build\\jestAdapterInit.js:857:11)\n    at run (C:\\Users\\Mohamed\\Documents\\GitHub\\ecommerce-backend-nestjs\\node_modules\\jest-circus\\build\\jestAdapterInit.js:761:3)\n    at runAndTransformResultsToJestFormat (C:\\Users\\Mohamed\\Documents\\GitHub\\ecommerce-backend-nestjs\\node_modules\\jest-circus\\build\\jestAdapterInit.js:1918:21)\n    at jestAdapter (C:\\Users\\Mohamed\\Documents\\GitHub\\ecommerce-backend-nestjs\\node_modules\\jest-circus\\build\\runner.js:101:19)\n    at runTestInternal (C:\\Users\\Mohamed\\Documents\\GitHub\\ecommerce-backend-nestjs\\node_modules\\jest-runner\\build\\index.js:275:16)\n    at runTest (C:\\Users\\Mohamed\\Documents\\GitHub\\ecommerce-backend-nestjs\\node_modules\\jest-runner\\build\\index.js:343:7)"],"fullName":"ThrottlerGuard (Integration) should allow requests under the default limit","invocations":1,"location":null,"numPassingAsserts":0,"retryReasons":[],"startAt":1773489188824,"status":"failed","title":"should allow requests under the default limit"},{"ancestorTitles":["ThrottlerGuard (Integration)"],"duration":0,"failing":false,"failureDetails":[{}],"failureMessages":["TypeError: request is not a function\n    at Object.<anonymous> (C:\\Users\\Mohamed\\Documents\\GitHub\\ecommerce-backend-nestjs\\src\\common\\guards\\throttler.integration.spec.ts:61:11)\n    at Promise.finally.completed (C:\\Users\\Mohamed\\Documents\\GitHub\\ecommerce-backend-nestjs\\node_modules\\jest-circus\\build\\jestAdapterInit.js:1557:28)\n    at new Promise (<anonymous>)\n    at callAsyncCircusFn (C:\\Users\\Mohamed\\Documents\\GitHub\\ecommerce-backend-nestjs\\node_modules\\jest-circus\\build\\jestAdapterInit.js:1497:10)\n    at _callCircusTest (C:\\Users\\Mohamed\\Documents\\GitHub\\ecommerce-backend-nestjs\\node_modules\\jest-circus\\build\\jestAdapterInit.js:1007:40)\n    at _runTest (C:\\Users\\Mohamed\\Documents\\GitHub\\ecommerce-backend-nestjs\\node_modules\\jest-circus\\build\\jestAdapterInit.js:947:3)\n    at C:\\Users\\Mohamed\\Documents\\GitHub\\ecommerce-backend-nestjs\\node_modules\\jest-circus\\build\\jestAdapterInit.js:849:7\n    at _runTestsForDescribeBlock (C:\\Users\\Mohamed\\Documents\\GitHub\\ecommerce-backend-nestjs\\node_modules\\jest-circus\\build\\jestAdapterInit.js:862:11)\n    at _runTestsForDescribeBlock (C:\\Users\\Mohamed\\Documents\\GitHub\\ecommerce-backend-nestjs\\node_modules\\jest-circus\\build\\jestAdapterInit.js:857:11)\n    at run (C:\\Users\\Mohamed\\Documents\\GitHub\\ecommerce-backend-nestjs\\node_modules\\jest-circus\\build\\jestAdapterInit.js:761:3)\n    at runAndTransformResultsToJestFormat (C:\\Users\\Mohamed\\Documents\\GitHub\\ecommerce-backend-nestjs\\node_modules\\jest-circus\\build\\jestAdapterInit.js:1918:21)\n    at jestAdapter (C:\\Users\\Mohamed\\Documents\\GitHub\\ecommerce-backend-nestjs\\node_modules\\jest-circus\\build\\runner.js:101:19)\n    at runTestInternal (C:\\Users\\Mohamed\\Documents\\GitHub\\ecommerce-backend-nestjs\\node_modules\\jest-runner\\build\\index.js:275:16)\n    at runTest (C:\\Users\\Mohamed\\Documents\\GitHub\\ecommerce-backend-nestjs\\node_modules\\jest-runner\\build\\index.js:343:7)"],"fullName":"ThrottlerGuard (Integration) should block requests over the default limit","invocations":1,"location":null,"numPassingAsserts":0,"retryReasons":[],"startAt":1773489188834,"status":"failed","title":"should block requests over the default limit"},{"ancestorTitles":["ThrottlerGuard (Integration)"],"duration":1,"failing":false,"failureDetails":[{}],"failureMessages":["TypeError: request is not a function\n    at Object.<anonymous> (C:\\Users\\Mohamed\\Documents\\GitHub\\ecommerce-backend-nestjs\\src\\common\\guards\\throttler.integration.spec.ts:65:11)\n    at Promise.finally.completed (C:\\Users\\Mohamed\\Documents\\GitHub\\ecommerce-backend-nestjs\\node_modules\\jest-circus\\build\\jestAdapterInit.js:1557:28)\n    at new Promise (<anonymous>)\n    at callAsyncCircusFn (C:\\Users\\Mohamed\\Documents\\GitHub\\ecommerce-backend-nestjs\\node_modules\\jest-circus\\build\\jestAdapterInit.js:1497:10)\n    at _callCircusTest (C:\\Users\\Mohamed\\Documents\\GitHub\\ecommerce-backend-nestjs\\node_modules\\jest-circus\\build\\jestAdapterInit.js:1007:40)\n    at _runTest (C:\\Users\\Mohamed\\Documents\\GitHub\\ecommerce-backend-nestjs\\node_modules\\jest-circus\\build\\jestAdapterInit.js:947:3)\n    at C:\\Users\\Mohamed\\Documents\\GitHub\\ecommerce-backend-nestjs\\node_modules\\jest-circus\\build\\jestAdapterInit.js:849:7\n    at _runTestsForDescribeBlock (C:\\Users\\Mohamed\\Documents\\GitHub\\ecommerce-backend-nestjs\\node_modules\\jest-circus\\build\\jestAdapterInit.js:862:11)\n    at _runTestsForDescribeBlock (C:\\Users\\Mohamed\\Documents\\GitHub\\ecommerce-backend-nestjs\\node_modules\\jest-circus\\build\\jestAdapterInit.js:857:11)\n    at run (C:\\Users\\Mohamed\\Documents\\GitHub\\ecommerce-backend-nestjs\\node_modules\\jest-circus\\build\\jestAdapterInit.js:761:3)\n    at runAndTransformResultsToJestFormat (C:\\Users\\Mohamed\\Documents\\GitHub\\ecommerce-backend-nestjs\\node_modules\\jest-circus\\build\\jestAdapterInit.js:1918:21)\n    at jestAdapter (C:\\Users\\Mohamed\\Documents\\GitHub\\ecommerce-backend-nestjs\\node_modules\\jest-circus\\build\\runner.js:101:19)\n    at runTestInternal (C:\\Users\\Mohamed\\Documents\\GitHub\\ecommerce-backend-nestjs\\node_modules\\jest-runner\\build\\index.js:275:16)\n    at runTest (C:\\Users\\Mohamed\\Documents\\GitHub\\ecommerce-backend-nestjs\\node_modules\\jest-runner\\build\\index.js:343:7)"],"fullName":"ThrottlerGuard (Integration) should respect custom @Throttle decorators","invocations":1,"location":null,"numPassingAsserts":0,"retryReasons":[],"startAt":1773489188835,"status":"failed","title":"should respect custom @Throttle decorators"},{"ancestorTitles":["ThrottlerGuard (Integration)"],"duration":1,"failing":false,"failureDetails":[{}],"failureMessages":["TypeError: request is not a function\n    at Object.<anonymous> (C:\\Users\\Mohamed\\Documents\\GitHub\\ecommerce-backend-nestjs\\src\\common\\guards\\throttler.integration.spec.ts:73:11)\n    at Promise.finally.completed (C:\\Users\\Mohamed\\Documents\\GitHub\\ecommerce-backend-nestjs\\node_modules\\jest-circus\\build\\jestAdapterInit.js:1557:28)\n    at new Promise (<anonymous>)\n    at callAsyncCircusFn (C:\\Users\\Mohamed\\Documents\\GitHub\\ecommerce-backend-nestjs\\node_modules\\jest-circus\\build\\jestAdapterInit.js:1497:10)\n    at _callCircusTest (C:\\Users\\Mohamed\\Documents\\GitHub\\ecommerce-backend-nestjs\\node_modules\\jest-circus\\build\\jestAdapterInit.js:1007:40)\n    at _runTest (C:\\Users\\Mohamed\\Documents\\GitHub\\ecommerce-backend-nestjs\\node_modules\\jest-circus\\build\\jestAdapterInit.js:947:3)\n    at C:\\Users\\Mohamed\\Documents\\GitHub\\ecommerce-backend-nestjs\\node_modules\\jest-circus\\build\\jestAdapterInit.js:849:7\n    at _runTestsForDescribeBlock (C:\\Users\\Mohamed\\Documents\\GitHub\\ecommerce-backend-nestjs\\node_modules\\jest-circus\\build\\jestAdapterInit.js:862:11)\n    at _runTestsForDescribeBlock (C:\\Users\\Mohamed\\Documents\\GitHub\\ecommerce-backend-nestjs\\node_modules\\jest-circus\\build\\jestAdapterInit.js:857:11)\n    at run (C:\\Users\\Mohamed\\Documents\\GitHub\\ecommerce-backend-nestjs\\node_modules\\jest-circus\\build\\jestAdapterInit.js:761:3)\n    at runAndTransformResultsToJestFormat (C:\\Users\\Mohamed\\Documents\\GitHub\\ecommerce-backend-nestjs\\node_modules\\jest-circus\\build\\jestAdapterInit.js:1918:21)\n    at jestAdapter (C:\\Users\\Mohamed\\Documents\\GitHub\\ecommerce-backend-nestjs\\node_modules\\jest-circus\\build\\runner.js:101:19)\n    at runTestInternal (C:\\Users\\Mohamed\\Documents\\GitHub\\ecommerce-backend-nestjs\\node_modules\\jest-runner\\build\\index.js:275:16)\n    at runTest (C:\\Users\\Mohamed\\Documents\\GitHub\\ecommerce-backend-nestjs\\node_modules\\jest-runner\\build\\index.js:343:7)"],"fullName":"ThrottlerGuard (Integration) should track requests using X-Forwarded-For header","invocations":1,"location":null,"numPassingAsserts":0,"retryReasons":[],"startAt":1773489188836,"status":"failed","title":"should track requests using X-Forwarded-For header"}],"endTime":1773489188864,"message":"\u001b[1m\u001b[31m  \u001b[1m● \u001b[22m\u001b[1mThrottlerGuard (Integration) › should allow requests under the default limit\u001b[39m\u001b[22m\n\n    TypeError: request is not a function\n\u001b[2m\u001b[22m\n\u001b[2m    \u001b[0m \u001b[90m 52 |\u001b[39m\u001b[22m\n\u001b[2m     \u001b[90m 53 |\u001b[39m   it(\u001b[32m'should allow requests under the default limit'\u001b[39m\u001b[33m,\u001b[39m \u001b[36masync\u001b[39m () \u001b[33m=>\u001b[39m {\u001b[22m\n\u001b[2m    \u001b[31m\u001b[1m>\u001b[22m\u001b[2m\u001b[39m\u001b[90m 54 |\u001b[39m     \u001b[36mawait\u001b[39m request(app\u001b[33m.\u001b[39mgetHttpServer())\u001b[33m.\u001b[39m\u001b[36mget\u001b[39m(\u001b[32m'/test/default'\u001b[39m)\u001b[33m.\u001b[39mexpect(\u001b[35m200\u001b[39m)\u001b[33m;\u001b[39m\u001b[22m\n\u001b[2m     \u001b[90m    |\u001b[39m           \u001b[31m\u001b[1m^\u001b[22m\u001b[2m\u001b[39m\u001b[22m\n\u001b[2m     \u001b[90m 55 |\u001b[39m     \u001b[36mawait\u001b[39m request(app\u001b[33m.\u001b[39mgetHttpServer())\u001b[33m.\u001b[39m\u001b[36mget\u001b[39m(\u001b[32m'/test/default'\u001b[39m)\u001b[33m.\u001b[39mexpect(\u001b[35m200\u001b[39m)\u001b[33m;\u001b[39m\u001b[22m\n\u001b[2m     \u001b[90m 56 |\u001b[39m     \u001b[36mawait\u001b[39m request(app\u001b[33m.\u001b[39mgetHttpServer())\u001b[33m.\u001b[39m\u001b[36mget\u001b[39m(\u001b[32m'/test/default'\u001b[39m)\u001b[33m.\u001b[39mexpect(\u001b[35m200\u001b[39m)\u001b[33m;\u001b[39m\u001b[22m\n\u001b[2m     \u001b[90m 57 |\u001b[39m   })\u001b[33m;\u001b[39m\u001b[0m\u001b[22m\n\u001b[2m\u001b[22m\n\u001b[2m      \u001b[2mat Object.<anonymous> (\u001b[22m\u001b[2m\u001b[0m\u001b[36mcommon/guards/throttler.integration.spec.ts\u001b[39m\u001b[0m\u001b[2m:54:11)\u001b[22m\u001b[2m\u001b[22m\n\n\u001b[1m\u001b[31m  \u001b[1m● \u001b[22m\u001b[1mThrottlerGuard (Integration) › should block requests over the default limit\u001b[39m\u001b[22m\n\n    TypeError: request is not a function\n\u001b[2m\u001b[22m\n\u001b[2m    \u001b[0m \u001b[90m 59 |\u001b[39m   it(\u001b[32m'should block requests over the default limit'\u001b[39m\u001b[33m,\u001b[39m \u001b[36masync\u001b[39m () \u001b[33m=>\u001b[39m {\u001b[22m\n\u001b[2m     \u001b[90m 60 |\u001b[39m     \u001b[90m// 4th request should fail\u001b[39m\u001b[22m\n\u001b[2m    \u001b[31m\u001b[1m>\u001b[22m\u001b[2m\u001b[39m\u001b[90m 61 |\u001b[39m     \u001b[36mawait\u001b[39m request(app\u001b[33m.\u001b[39mgetHttpServer())\u001b[33m.\u001b[39m\u001b[36mget\u001b[39m(\u001b[32m'/test/default'\u001b[39m)\u001b[33m.\u001b[39mexpect(\u001b[35m429\u001b[39m)\u001b[33m;\u001b[39m\u001b[22m\n\u001b[2m     \u001b[90m    |\u001b[39m           \u001b[31m\u001b[1m^\u001b[22m\u001b[2m\u001b[39m\u001b[22m\n\u001b[2m     \u001b[90m 62 |\u001b[39m   })\u001b[33m;\u001b[39m\u001b[22m\n\u001b[2m     \u001b[90m 63 |\u001b[39m\u001b[22m\n\u001b[2m     \u001b[90m 64 |\u001b[39m   it(\u001b[32m'should respect custom @Throttle decorators'\u001b[39m\u001b[33m,\u001b[39m \u001b[36masync\u001b[39m () \u001b[33m=>\u001b[39m {\u001b[0m\u001b[22m\n\u001b[2m\u001b[22m\n\u001b[2m      \u001b[2mat Object.<anonymous> (\u001b[22m\u001b[2m\u001b[0m\u001b[36mcommon/guards/throttler.integration.spec.ts\u001b[39m\u001b[0m\u001b[2m:61:11)\u001b[22m\u001b[2m\u001b[22m\n\n\u001b[1m\u001b[31m  \u001b[1m● \u001b[22m\u001b[1mThrottlerGuard (Integration) › should respect custom @Throttle decorators\u001b[39m\u001b[22m\n\n    TypeError: request is not a function\n\u001b[2m\u001b[22m\n\u001b[2m    \u001b[0m \u001b[90m 63 |\u001b[39m\u001b[22m\n\u001b[2m     \u001b[90m 64 |\u001b[39m   it(\u001b[32m'should respect custom @Throttle decorators'\u001b[39m\u001b[33m,\u001b[39m \u001b[36masync\u001b[39m () \u001b[33m=>\u001b[39m {\u001b[22m\n\u001b[2m    \u001b[31m\u001b[1m>\u001b[22m\u001b[2m\u001b[39m\u001b[90m 65 |\u001b[39m     \u001b[36mawait\u001b[39m request(app\u001b[33m.\u001b[39mgetHttpServer())\u001b[33m.\u001b[39m\u001b[36mget\u001b[39m(\u001b[32m'/test/custom'\u001b[39m)\u001b[33m.\u001b[39mexpect(\u001b[35m200\u001b[39m)\u001b[33m;\u001b[39m\u001b[22m\n\u001b[2m     \u001b[90m    |\u001b[39m           \u001b[31m\u001b[1m^\u001b[22m\u001b[2m\u001b[39m\u001b[22m\n\u001b[2m     \u001b[90m 66 |\u001b[39m     \u001b[36mawait\u001b[39m request(app\u001b[33m.\u001b[39mgetHttpServer())\u001b[33m.\u001b[39m\u001b[36mget\u001b[39m(\u001b[32m'/test/custom'\u001b[39m)\u001b[33m.\u001b[39mexpect(\u001b[35m200\u001b[39m)\u001b[33m;\u001b[39m\u001b[22m\n\u001b[2m     \u001b[90m 67 |\u001b[39m     \u001b[90m// 3rd request should fail because limit is 2\u001b[39m\u001b[22m\n\u001b[2m     \u001b[90m 68 |\u001b[39m     \u001b[36mawait\u001b[39m request(app\u001b[33m.\u001b[39mgetHttpServer())\u001b[33m.\u001b[39m\u001b[36mget\u001b[39m(\u001b[32m'/test/custom'\u001b[39m)\u001b[33m.\u001b[39mexpect(\u001b[35m429\u001b[39m)\u001b[33m;\u001b[39m\u001b[0m\u001b[22m\n\u001b[2m\u001b[22m\n\u001b[2m      \u001b[2mat Object.<anonymous> (\u001b[22m\u001b[2m\u001b[0m\u001b[36mcommon/guards/throttler.integration.spec.ts\u001b[39m\u001b[0m\u001b[2m:65:11)\u001b[22m\u001b[2m\u001b[22m\n\n\u001b[1m\u001b[31m  \u001b[1m● \u001b[22m\u001b[1mThrottlerGuard (Integration) › should track requests using X-Forwarded-For header\u001b[39m\u001b[22m\n\n    TypeError: request is not a function\n\u001b[2m\u001b[22m\n\u001b[2m    \u001b[0m \u001b[90m 71 |\u001b[39m   it(\u001b[32m'should track requests using X-Forwarded-For header'\u001b[39m\u001b[33m,\u001b[39m \u001b[36masync\u001b[39m () \u001b[33m=>\u001b[39m {\u001b[22m\n\u001b[2m     \u001b[90m 72 |\u001b[39m     \u001b[90m// Different IP should get a fresh limit on the default endpoint\u001b[39m\u001b[22m\n\u001b[2m    \u001b[31m\u001b[1m>\u001b[22m\u001b[2m\u001b[39m\u001b[90m 73 |\u001b[39m     \u001b[36mawait\u001b[39m request(app\u001b[33m.\u001b[39mgetHttpServer())\u001b[22m\n\u001b[2m     \u001b[90m    |\u001b[39m           \u001b[31m\u001b[1m^\u001b[22m\u001b[2m\u001b[39m\u001b[22m\n\u001b[2m     \u001b[90m 74 |\u001b[39m       \u001b[33m.\u001b[39m\u001b[36mget\u001b[39m(\u001b[32m'/test/default'\u001b[39m)\u001b[22m\n\u001b[2m     \u001b[90m 75 |\u001b[39m       \u001b[33m.\u001b[39m\u001b[36mset\u001b[39m(\u001b[32m'X-Forwarded-For'\u001b[39m\u001b[33m,\u001b[39m \u001b[32m'192.168.1.100'\u001b[39m)\u001b[22m\n\u001b[2m     \u001b[90m 76 |\u001b[39m       \u001b[33m.\u001b[39mexpect(\u001b[35m200\u001b[39m)\u001b[33m;\u001b[39m\u001b[0m\u001b[22m\n\u001b[2m\u001b[22m\n\u001b[2m      \u001b[2mat Object.<anonymous> (\u001b[22m\u001b[2m\u001b[0m\u001b[36mcommon/guards/throttler.integration.spec.ts\u001b[39m\u001b[0m\u001b[2m:73:11)\u001b[22m\u001b[2m\u001b[22m\n","name":"C:\\Users\\Mohamed\\Documents\\GitHub\\ecommerce-backend-nestjs\\src\\common\\guards\\throttler.integration.spec.ts","startTime":1773489187916,"status":"failed","summary":""}],"wasInterrupted":false}
